# JRE version: OpenJDK Runtime Environment (8.0_152-b01) (build 1.8.0_152-release-915-b01)
# Java VM: OpenJDK 64-Bit Server VM (25.152-b01 mixed mode windows-amd64 compressed oops)
Heap:
 PSYoungGen      total 100352K, used 100334K [0x00000000e0000000, 0x00000000e8b80000, 0x0000000100000000)
  eden space 86016K, 100% used [0x00000000e0000000,0x00000000e5400000,0x00000000e5400000)
  from space 14336K, 99% used [0x00000000e5400000,0x00000000e61fbbc8,0x00000000e6200000)
  to   space 16384K, 97% used [0x00000000e7b80000,0x00000000e8b1dbb8,0x00000000e8b80000)
 ParOldGen       total 108032K, used 17749K [0x00000000a0000000, 0x00000000a6980000, 0x00000000e0000000)
  object space 108032K, 16% used [0x00000000a0000000,0x00000000a1155688,0x00000000a6980000)
 Metaspace       used 56071K, capacity 57870K, committed 57944K, reserved 1099776K
  class space    used 7496K, capacity 8002K, committed 8064K, reserved 1048576K
GC Heap History (10 events):
Event: 15.886 GC heap after
Heap after GC invocations=11 (full 2):
 PSYoungGen      total 71680K, used 0K [0x00000000e0000000, 0x00000000e6200000, 0x0000000100000000)
  eden space 60928K, 0% used [0x00000000e0000000,0x00000000e0000000,0x00000000e3b80000)
  from space 10752K, 0% used [0x00000000e3b80000,0x00000000e3b80000,0x00000000e4600000)
  to   space 11264K, 0% used [0x00000000e5700000,0x00000000e5700000,0x00000000e6200000)
 ParOldGen       total 108032K, used 15091K [0x00000000a0000000, 0x00000000a6980000, 0x00000000e0000000)
  object space 108032K, 13% used [0x00000000a0000000,0x00000000a0ebcc28,0x00000000a6980000)
 Metaspace       used 34477K, capacity 35160K, committed 35416K, reserved 1079296K
  class space    used 4622K, capacity 4883K, committed 4992K, reserved 1048576K
}
Event: 20.403 GC heap before
{Heap before GC invocations=12 (full 2):
 PSYoungGen      total 71680K, used 60928K [0x00000000e0000000, 0x00000000e6200000, 0x0000000100000000)
  eden space 60928K, 100% used [0x00000000e0000000,0x00000000e3b80000,0x00000000e3b80000)
  from space 10752K, 0% used [0x00000000e3b80000,0x00000000e3b80000,0x00000000e4600000)
  to   space 11264K, 0% used [0x00000000e5700000,0x00000000e5700000,0x00000000e6200000)
 ParOldGen       total 108032K, used 15091K [0x00000000a0000000, 0x00000000a6980000, 0x00000000e0000000)
  object space 108032K, 13% used [0x00000000a0000000,0x00000000a0ebcc28,0x00000000a6980000)
 Metaspace       used 39202K, capacity 40068K, committed 40408K, reserved 1083392K
  class space    used 5246K, capacity 5589K, committed 5632K, reserved 1048576K
Event: 20.415 GC heap after
Heap after GC invocations=12 (full 2):
 PSYoungGen      total 79872K, used 5549K [0x00000000e0000000, 0x00000000e5d80000, 0x0000000100000000)
  eden space 73216K, 0% used [0x00000000e0000000,0x00000000e0000000,0x00000000e4780000)
  from space 6656K, 83% used [0x00000000e5700000,0x00000000e5c6b658,0x00000000e5d80000)
  to   space 11264K, 0% used [0x00000000e4780000,0x00000000e4780000,0x00000000e5280000)
 ParOldGen       total 108032K, used 15099K [0x00000000a0000000, 0x00000000a6980000, 0x00000000e0000000)
  object space 108032K, 13% used [0x00000000a0000000,0x00000000a0ebec28,0x00000000a6980000)
 Metaspace       used 39202K, capacity 40068K, committed 40408K, reserved 1083392K
  class space    used 5246K, capacity 5589K, committed 5632K, reserved 1048576K
}
Event: 22.267 GC heap before
{Heap before GC invocations=13 (full 2):
 PSYoungGen      total 79872K, used 78765K [0x00000000e0000000, 0x00000000e5d80000, 0x0000000100000000)
  eden space 73216K, 100% used [0x00000000e0000000,0x00000000e4780000,0x00000000e4780000)
  from space 6656K, 83% used [0x00000000e5700000,0x00000000e5c6b658,0x00000000e5d80000)
  to   space 11264K, 0% used [0x00000000e4780000,0x00000000e4780000,0x00000000e5280000)
 ParOldGen       total 108032K, used 15099K [0x00000000a0000000, 0x00000000a6980000, 0x00000000e0000000)
  object space 108032K, 13% used [0x00000000a0000000,0x00000000a0ebec28,0x00000000a6980000)
 Metaspace       used 44559K, capacity 45430K, committed 45912K, reserved 1089536K
  class space    used 5843K, capacity 6168K, committed 6272K, reserved 1048576K
Event: 22.280 GC heap after
Heap after GC invocations=13 (full 2):
 PSYoungGen      total 84480K, used 10065K [0x00000000e0000000, 0x00000000e6e00000, 0x0000000100000000)
  eden space 73216K, 0% used [0x00000000e0000000,0x00000000e0000000,0x00000000e4780000)
  from space 11264K, 89% used [0x00000000e4780000,0x00000000e5154610,0x00000000e5280000)
  to   space 12288K, 0% used [0x00000000e6200000,0x00000000e6200000,0x00000000e6e00000)
 ParOldGen       total 108032K, used 15107K [0x00000000a0000000, 0x00000000a6980000, 0x00000000e0000000)
  object space 108032K, 13% used [0x00000000a0000000,0x00000000a0ec0c28,0x00000000a6980000)
 Metaspace       used 44559K, capacity 45430K, committed 45912K, reserved 1089536K
  class space    used 5843K, capacity 6168K, committed 6272K, reserved 1048576K
}
Event: 24.275 GC heap before
{Heap before GC invocations=14 (full 2):
 PSYoungGen      total 84480K, used 83281K [0x00000000e0000000, 0x00000000e6e00000, 0x0000000100000000)
  eden space 73216K, 100% used [0x00000000e0000000,0x00000000e4780000,0x00000000e4780000)
  from space 11264K, 89% used [0x00000000e4780000,0x00000000e5154610,0x00000000e5280000)
  to   space 12288K, 0% used [0x00000000e6200000,0x00000000e6200000,0x00000000e6e00000)
 ParOldGen       total 108032K, used 15107K [0x00000000a0000000, 0x00000000a6980000, 0x00000000e0000000)
  object space 108032K, 13% used [0x00000000a0000000,0x00000000a0ec0c28,0x00000000a6980000)
 Metaspace       used 50146K, capacity 51396K, committed 51544K, reserved 1093632K
  class space    used 6631K, capacity 7032K, committed 7040K, reserved 1048576K
Event: 24.307 GC heap after
Heap after GC invocations=14 (full 2):
 PSYoungGen      total 98304K, used 12259K [0x00000000e0000000, 0x00000000e7480000, 0x0000000100000000)
  eden space 86016K, 0% used [0x00000000e0000000,0x00000000e0000000,0x00000000e5400000)
  from space 12288K, 99% used [0x00000000e6200000,0x00000000e6df8c98,0x00000000e6e00000)
  to   space 14336K, 0% used [0x00000000e5400000,0x00000000e5400000,0x00000000e6200000)
 ParOldGen       total 108032K, used 16830K [0x00000000a0000000, 0x00000000a6980000, 0x00000000e0000000)
  object space 108032K, 15% used [0x00000000a0000000,0x00000000a106f998,0x00000000a6980000)
 Metaspace       used 50146K, capacity 51396K, committed 51544K, reserved 1093632K
  class space    used 6631K, capacity 7032K, committed 7040K, reserved 1048576K
}
Event: 25.117 GC heap before
{Heap before GC invocations=15 (full 2):
 PSYoungGen      total 98304K, used 98275K [0x00000000e0000000, 0x00000000e7480000, 0x0000000100000000)
  eden space 86016K, 100% used [0x00000000e0000000,0x00000000e5400000,0x00000000e5400000)
  from space 12288K, 99% used [0x00000000e6200000,0x00000000e6df8c98,0x00000000e6e00000)
  to   space 14336K, 0% used [0x00000000e5400000,0x00000000e5400000,0x00000000e6200000)
 ParOldGen       total 108032K, used 16830K [0x00000000a0000000, 0x00000000a6980000, 0x00000000e0000000)
  object space 108032K, 15% used [0x00000000a0000000,0x00000000a106f998,0x00000000a6980000)
 Metaspace       used 50638K, capacity 51850K, committed 52184K, reserved 1093632K
  class space    used 6654K, capacity 7043K, committed 7168K, reserved 1048576K
Event: 25.137 GC heap after
Heap after GC invocations=15 (full 2):
 PSYoungGen      total 100352K, used 14318K [0x00000000e0000000, 0x00000000e8b80000, 0x0000000100000000)
  eden space 86016K, 0% used [0x00000000e0000000,0x00000000e0000000,0x00000000e5400000)
  from space 14336K, 99% used [0x00000000e5400000,0x00000000e61fbbc8,0x00000000e6200000)
  to   space 16384K, 0% used [0x00000000e7b80000,0x00000000e7b80000,0x00000000e8b80000)
 ParOldGen       total 108032K, used 17741K [0x00000000a0000000, 0x00000000a6980000, 0x00000000e0000000)
  object space 108032K, 16% used [0x00000000a0000000,0x00000000a1153688,0x00000000a6980000)
 Metaspace       used 50638K, capacity 51850K, committed 52184K, reserved 1093632K
  class space    used 6654K, capacity 7043K, committed 7168K, reserved 1048576K
}
Event: 27.479 GC heap before
{Heap before GC invocations=16 (full 2):
 PSYoungGen      total 100352K, used 100334K [0x00000000e0000000, 0x00000000e8b80000, 0x0000000100000000)
  eden space 86016K, 100% used [0x00000000e0000000,0x00000000e5400000,0x00000000e5400000)
  from space 14336K, 99% used [0x00000000e5400000,0x00000000e61fbbc8,0x00000000e6200000)
  to   space 16384K, 0% used [0x00000000e7b80000,0x00000000e7b80000,0x00000000e8b80000)
 ParOldGen       total 108032K, used 17741K [0x00000000a0000000, 0x00000000a6980000, 0x00000000e0000000)
  object space 108032K, 16% used [0x00000000a0000000,0x00000000a1153688,0x00000000a6980000)
 Metaspace       used 56071K, capacity 57870K, committed 57944K, reserved 1099776K
  class space    used 7496K, capacity 8002K, committed 8064K, reserved 1048576K

